<?xml version="1.0" encoding="UTF-8"?>
<testng-results ignored="0" total="2" passed="2" failed="0" skipped="0">
  <reporter-output>
  </reporter-output>
  <suite started-at="2022-11-21T09:29:44 IST" name="Suite" finished-at="2022-11-21T09:29:53 IST" duration-ms="9253">
    <groups>
    </groups>
    <test started-at="2022-11-21T09:29:44 IST" name="Test01" finished-at="2022-11-21T09:29:49 IST" duration-ms="5198">
      <class name="com.qa.crossbrowsers.CrossBrowsers">
        <test-method is-config="true" signature="CrossBrowser(java.lang.String)[pri:0, instance:com.qa.crossbrowsers.CrossBrowsers@2e222612]" started-at="2022-11-21T09:29:44 IST" name="CrossBrowser" finished-at="2022-11-21T09:29:48 IST" duration-ms="3593" status="PASS">
          <params>
            <param index="0">
              <value>
                <![CDATA[CHROME]]>
              </value>
            </param>
          </params>
          <reporter-output>
          </reporter-output>
        </test-method> <!-- CrossBrowser -->
        <test-method signature="verifyTitel1()[pri:0, instance:com.qa.crossbrowsers.CrossBrowsers@2e222612]" started-at="2022-11-21T09:29:48 IST" name="verifyTitel1" finished-at="2022-11-21T09:29:49 IST" duration-ms="1314" status="PASS">
          <reporter-output>
          </reporter-output>
        </test-method> <!-- verifyTitel1 -->
        <test-method is-config="true" signature="Quit()[pri:0, instance:com.qa.crossbrowsers.CrossBrowsers@2e222612]" started-at="2022-11-21T09:29:49 IST" name="Quit" finished-at="2022-11-21T09:29:49 IST" duration-ms="262" status="PASS">
          <reporter-output>
          </reporter-output>
        </test-method> <!-- Quit -->
      </class> <!-- com.qa.crossbrowsers.CrossBrowsers -->
    </test> <!-- Test01 -->
    <test started-at="2022-11-21T09:29:49 IST" name="Test02" finished-at="2022-11-21T09:29:53 IST" duration-ms="4037">
      <class name="com.qa.crossbrowsers.CrossBrowsers">
        <test-method is-config="true" signature="CrossBrowser(java.lang.String)[pri:0, instance:com.qa.crossbrowsers.CrossBrowsers@2accdbb5]" started-at="2022-11-21T09:29:49 IST" name="CrossBrowser" finished-at="2022-11-21T09:29:52 IST" duration-ms="2487" status="PASS">
          <params>
            <param index="0">
              <value>
                <![CDATA[MSEDGE]]>
              </value>
            </param>
          </params>
          <reporter-output>
          </reporter-output>
        </test-method> <!-- CrossBrowser -->
        <test-method signature="verifyTitel1()[pri:0, instance:com.qa.crossbrowsers.CrossBrowsers@2accdbb5]" started-at="2022-11-21T09:29:52 IST" name="verifyTitel1" finished-at="2022-11-21T09:29:53 IST" duration-ms="1274" status="PASS">
          <reporter-output>
          </reporter-output>
        </test-method> <!-- verifyTitel1 -->
        <test-method is-config="true" signature="Quit()[pri:0, instance:com.qa.crossbrowsers.CrossBrowsers@2accdbb5]" started-at="2022-11-21T09:29:53 IST" name="Quit" finished-at="2022-11-21T09:29:53 IST" duration-ms="274" status="PASS">
          <reporter-output>
          </reporter-output>
        </test-method> <!-- Quit -->
      </class> <!-- com.qa.crossbrowsers.CrossBrowsers -->
    </test> <!-- Test02 -->
  </suite> <!-- Suite -->
</testng-results>
